app/build/intermediates/manifest_merge_blame_file/debug/manifest-merger-blame-debug-report.txt
1<?xml version="1.0" encoding="utf-8"?>
2<manifest xmlns:android="http://schemas.android.com/apk/res/android"
3    package="com.example.residenthomes"
4    android:versionCode="1"
5    android:versionName="1.0" >
6
7    <uses-sdk
8        android:minSdkVersion="19"
8-->src/main/AndroidManifest.xml
9        android:targetSdkVersion="33" />
9-->src/main/AndroidManifest.xml
10
11    <uses-permission android:name="android.permission.INTERNET" />
11-->src/main/AndroidManifest.xml:6:5-67
11-->src/main/AndroidManifest.xml:6:22-64
12    <uses-permission android:name="android.permission.ACCESS_FINE_LOCATION" />
12-->src/main/AndroidManifest.xml:7:5-79
12-->src/main/AndroidManifest.xml:7:22-76
13    <uses-permission android:name="android.permission.ACCESS_COARSE_LOCATION" />
13-->src/main/AndroidManifest.xml:8:5-81
13-->src/main/AndroidManifest.xml:8:22-78
14    <uses-permission android:name="android.permission.ACCESS_NETWORK_STATE" />
14-->[com.google.firebase:firebase-auth:22.0.0] AndroidManifest.xml:26:5-79
14-->[com.google.firebase:firebase-auth:22.0.0] AndroidManifest.xml:26:22-76
15
16    <uses-feature
16-->[com.google.android.gms:play-services-maps:17.0.1] AndroidManifest.xml:26:5-28:35
17        android:glEsVersion="0x00020000"
17-->[com.google.android.gms:play-services-maps:17.0.1] AndroidManifest.xml:27:9-41
18        android:required="true" />
18-->[com.google.android.gms:play-services-maps:17.0.1] AndroidManifest.xml:28:9-32
19
20    <queries>
20-->[com.google.android.gms:play-services-maps:17.0.1] AndroidManifest.xml:30:5-34:15
21
22        <!-- Needs to be explicitly declared on Android R+ -->
23        <package android:name="com.google.android.apps.maps" />
23-->[com.google.android.gms:play-services-maps:17.0.1] AndroidManifest.xml:33:9-64
23-->[com.google.android.gms:play-services-maps:17.0.1] AndroidManifest.xml:33:18-61
24    </queries>
25
26    <uses-permission android:name="android.permission.WAKE_LOCK" />
26-->[com.google.android.gms:play-services-measurement-api:21.2.2] AndroidManifest.xml:24:5-68
26-->[com.google.android.gms:play-services-measurement-api:21.2.2] AndroidManifest.xml:24:22-65
27    <uses-permission android:name="com.google.android.gms.permission.AD_ID" />
27-->[com.google.android.gms:play-services-measurement-api:21.2.2] AndroidManifest.xml:25:5-79
27-->[com.google.android.gms:play-services-measurement-api:21.2.2] AndroidManifest.xml:25:22-76
28    <uses-permission android:name="com.google.android.finsky.permission.BIND_GET_INSTALL_REFERRER_SERVICE" />
28-->[com.google.android.gms:play-services-measurement:21.2.2] AndroidManifest.xml:26:5-110
28-->[com.google.android.gms:play-services-measurement:21.2.2] AndroidManifest.xml:26:22-107
29
30    <permission
30-->[androidx.core:core:1.10.0] AndroidManifest.xml:22:5-24:47
31        android:name="com.example.residenthomes.DYNAMIC_RECEIVER_NOT_EXPORTED_PERMISSION"
31-->[androidx.core:core:1.10.0] AndroidManifest.xml:23:9-81
32        android:protectionLevel="signature" />
32-->[androidx.core:core:1.10.0] AndroidManifest.xml:24:9-44
33
34    <uses-permission android:name="com.example.residenthomes.DYNAMIC_RECEIVER_NOT_EXPORTED_PERMISSION" />
34-->[androidx.core:core:1.10.0] AndroidManifest.xml:26:5-97
34-->[androidx.core:core:1.10.0] AndroidManifest.xml:26:22-94
35
36    <application
36-->src/main/AndroidManifest.xml:10:5-73:19
37        android:allowBackup="true"
37-->src/main/AndroidManifest.xml:11:9-35
38        android:appComponentFactory="androidx.core.app.CoreComponentFactory"
38-->[androidx.core:core:1.10.0] AndroidManifest.xml:28:18-86
39        android:dataExtractionRules="@xml/data_extraction_rules"
39-->src/main/AndroidManifest.xml:12:9-65
40        android:debuggable="true"
41        android:fullBackupContent="@xml/backup_rules"
41-->src/main/AndroidManifest.xml:13:9-54
42        android:icon="@mipmap/resident_logo"
42-->src/main/AndroidManifest.xml:14:9-45
43        android:label="@string/app_name"
43-->src/main/AndroidManifest.xml:15:9-41
44        android:roundIcon="@mipmap/ic_launcher_round"
44-->src/main/AndroidManifest.xml:16:9-54
45        android:supportsRtl="true"
45-->src/main/AndroidManifest.xml:17:9-35
46        android:testOnly="true"
47        android:theme="@style/Theme.ResidentHomes" >
47-->src/main/AndroidManifest.xml:18:9-51
48        <meta-data
48-->src/main/AndroidManifest.xml:21:9-23:71
49            android:name="com.google.android.geo.API_KEY"
49-->src/main/AndroidManifest.xml:22:13-58
50            android:value="AIzaSyDkSfxHprqqqkV8JzWkxZLU4uFWSkcFTkU" />
50-->src/main/AndroidManifest.xml:23:13-68
51
52        <activity
52-->src/main/AndroidManifest.xml:25:9-27:40
53            android:name="com.example.residenthomes.ViewAmenitiesActivity"
53-->src/main/AndroidManifest.xml:26:13-50
54            android:exported="false" />
54-->src/main/AndroidManifest.xml:27:13-37
55        <activity
55-->src/main/AndroidManifest.xml:28:9-30:40
56            android:name="com.example.residenthomes.AmenityActivity"
56-->src/main/AndroidManifest.xml:29:13-44
57            android:exported="false" />
57-->src/main/AndroidManifest.xml:30:13-37
58        <activity
58-->src/main/AndroidManifest.xml:31:9-33:40
59            android:name="com.example.residenthomes.AddAmenitiesActivity"
59-->src/main/AndroidManifest.xml:32:13-49
60            android:exported="false" />
60-->src/main/AndroidManifest.xml:33:13-37
61        <activity
61-->src/main/AndroidManifest.xml:34:9-36:40
62            android:name="com.example.residenthomes.HostelBookingActivity"
62-->src/main/AndroidManifest.xml:35:13-50
63            android:exported="false" />
63-->src/main/AndroidManifest.xml:36:13-37
64        <activity
64-->src/main/AndroidManifest.xml:37:9-39:40
65            android:name="com.example.residenthomes.RoomBookingActivity"
65-->src/main/AndroidManifest.xml:38:13-48
66            android:exported="false" />
66-->src/main/AndroidManifest.xml:39:13-37
67        <activity
67-->src/main/AndroidManifest.xml:40:9-42:40
68            android:name="com.example.residenthomes.HostelActivity"
68-->src/main/AndroidManifest.xml:41:13-43
69            android:exported="false" />
69-->src/main/AndroidManifest.xml:42:13-37
70        <activity
70-->src/main/AndroidManifest.xml:43:9-45:40
71            android:name="com.example.residenthomes.ViewHostelActivity"
71-->src/main/AndroidManifest.xml:44:13-47
72            android:exported="false" />
72-->src/main/AndroidManifest.xml:45:13-37
73        <activity
73-->src/main/AndroidManifest.xml:46:9-48:40
74            android:name="com.example.residenthomes.AddHostelActivity"
74-->src/main/AndroidManifest.xml:47:13-46
75            android:exported="false" />
75-->src/main/AndroidManifest.xml:48:13-37
76        <activity
76-->src/main/AndroidManifest.xml:49:9-51:40
77            android:name="com.example.residenthomes.AdminActivity"
77-->src/main/AndroidManifest.xml:50:13-42
78            android:exported="false" />
78-->src/main/AndroidManifest.xml:51:13-37
79        <activity
79-->src/main/AndroidManifest.xml:52:9-54:40
80            android:name="com.example.residenthomes.DashBActivity"
80-->src/main/AndroidManifest.xml:53:13-42
81            android:exported="false" />
81-->src/main/AndroidManifest.xml:54:13-37
82        <activity
82-->src/main/AndroidManifest.xml:55:9-57:40
83            android:name="com.example.residenthomes.HomeActivity"
83-->src/main/AndroidManifest.xml:56:13-41
84            android:exported="false" />
84-->src/main/AndroidManifest.xml:57:13-37
85        <activity
85-->src/main/AndroidManifest.xml:58:9-60:40
86            android:name="com.example.residenthomes.LoginActivity"
86-->src/main/AndroidManifest.xml:59:13-42
87            android:exported="false" />
87-->src/main/AndroidManifest.xml:60:13-37
88        <activity
88-->src/main/AndroidManifest.xml:61:9-63:40
89            android:name="com.example.residenthomes.RegisterActivity"
89-->src/main/AndroidManifest.xml:62:13-45
90            android:exported="false" />
90-->src/main/AndroidManifest.xml:63:13-37
91        <activity
91-->src/main/AndroidManifest.xml:64:9-72:20
92            android:name="com.example.residenthomes.SplashActivity"
92-->src/main/AndroidManifest.xml:65:13-43
93            android:exported="true" >
93-->src/main/AndroidManifest.xml:66:13-36
94            <intent-filter>
94-->src/main/AndroidManifest.xml:67:13-71:29
95                <action android:name="android.intent.action.MAIN" />
95-->src/main/AndroidManifest.xml:68:17-69
95-->src/main/AndroidManifest.xml:68:25-66
96
97                <category android:name="android.intent.category.LAUNCHER" />
97-->src/main/AndroidManifest.xml:70:17-77
97-->src/main/AndroidManifest.xml:70:27-74
98            </intent-filter>
99        </activity>
100
101        <service
101-->[com.google.firebase:firebase-database-ktx:20.2.1] AndroidManifest.xml:11:9-17:19
102            android:name="com.google.firebase.components.ComponentDiscoveryService"
102-->[com.google.firebase:firebase-database-ktx:20.2.1] AndroidManifest.xml:12:13-84
103            android:directBootAware="true"
103-->[com.google.firebase:firebase-common:20.3.2] AndroidManifest.xml:34:13-43
104            android:exported="false" >
104-->[com.google.firebase:firebase-database-ktx:20.2.1] AndroidManifest.xml:13:13-37
105            <meta-data
105-->[com.google.firebase:firebase-database-ktx:20.2.1] AndroidManifest.xml:14:13-16:85
106                android:name="com.google.firebase.components:com.google.firebase.database.ktx.FirebaseDatabaseKtxRegistrar"
106-->[com.google.firebase:firebase-database-ktx:20.2.1] AndroidManifest.xml:15:17-124
107                android:value="com.google.firebase.components.ComponentRegistrar" />
107-->[com.google.firebase:firebase-database-ktx:20.2.1] AndroidManifest.xml:16:17-82
108            <meta-data
108-->[com.google.firebase:firebase-storage-ktx:20.2.0] AndroidManifest.xml:14:13-16:85
109                android:name="com.google.firebase.components:com.google.firebase.storage.ktx.FirebaseStorageKtxRegistrar"
109-->[com.google.firebase:firebase-storage-ktx:20.2.0] AndroidManifest.xml:15:17-122
110                android:value="com.google.firebase.components.ComponentRegistrar" />
110-->[com.google.firebase:firebase-storage-ktx:20.2.0] AndroidManifest.xml:16:17-82
111            <meta-data
111-->[com.google.firebase:firebase-auth-ktx:22.0.0] AndroidManifest.xml:11:13-13:85
112                android:name="com.google.firebase.components:com.google.firebase.auth.ktx.FirebaseAuthKtxRegistrar"
112-->[com.google.firebase:firebase-auth-ktx:22.0.0] AndroidManifest.xml:12:17-116
113                android:value="com.google.firebase.components.ComponentRegistrar" />
113-->[com.google.firebase:firebase-auth-ktx:22.0.0] AndroidManifest.xml:13:17-82
114            <meta-data
114-->[com.google.firebase:firebase-analytics-ktx:21.2.2] AndroidManifest.xml:11:13-13:85
115                android:name="com.google.firebase.components:com.google.firebase.analytics.ktx.FirebaseAnalyticsKtxRegistrar"
115-->[com.google.firebase:firebase-analytics-ktx:21.2.2] AndroidManifest.xml:12:17-126
116                android:value="com.google.firebase.components.ComponentRegistrar" />
116-->[com.google.firebase:firebase-analytics-ktx:21.2.2] AndroidManifest.xml:13:17-82
117            <meta-data
117-->[com.google.firebase:firebase-common-ktx:20.3.2] AndroidManifest.xml:14:13-16:85
118                android:name="com.google.firebase.components:com.google.firebase.ktx.FirebaseCommonKtxRegistrar"
118-->[com.google.firebase:firebase-common-ktx:20.3.2] AndroidManifest.xml:15:17-113
119                android:value="com.google.firebase.components.ComponentRegistrar" />
119-->[com.google.firebase:firebase-common-ktx:20.3.2] AndroidManifest.xml:16:17-82
120            <meta-data
120-->[com.google.firebase:firebase-auth:22.0.0] AndroidManifest.xml:69:13-71:85
121                android:name="com.google.firebase.components:com.google.firebase.auth.FirebaseAuthRegistrar"
121-->[com.google.firebase:firebase-auth:22.0.0] AndroidManifest.xml:70:17-109
122                android:value="com.google.firebase.components.ComponentRegistrar" />
122-->[com.google.firebase:firebase-auth:22.0.0] AndroidManifest.xml:71:17-82
123            <meta-data
123-->[com.google.firebase:firebase-database:20.2.1] AndroidManifest.xml:31:13-33:85
124                android:name="com.google.firebase.components:com.google.firebase.database.DatabaseRegistrar"
124-->[com.google.firebase:firebase-database:20.2.1] AndroidManifest.xml:32:17-109
125                android:value="com.google.firebase.components.ComponentRegistrar" />
125-->[com.google.firebase:firebase-database:20.2.1] AndroidManifest.xml:33:17-82
126            <meta-data
126-->[com.google.firebase:firebase-storage:20.2.0] AndroidManifest.xml:32:13-34:85
127                android:name="com.google.firebase.components:com.google.firebase.storage.StorageRegistrar"
127-->[com.google.firebase:firebase-storage:20.2.0] AndroidManifest.xml:33:17-107
128                android:value="com.google.firebase.components.ComponentRegistrar" />
128-->[com.google.firebase:firebase-storage:20.2.0] AndroidManifest.xml:34:17-82
129            <meta-data
129-->[com.google.android.gms:play-services-measurement-api:21.2.2] AndroidManifest.xml:31:13-33:85
130                android:name="com.google.firebase.components:com.google.firebase.analytics.connector.internal.AnalyticsConnectorRegistrar"
130-->[com.google.android.gms:play-services-measurement-api:21.2.2] AndroidManifest.xml:32:17-139
131                android:value="com.google.firebase.components.ComponentRegistrar" />
131-->[com.google.android.gms:play-services-measurement-api:21.2.2] AndroidManifest.xml:33:17-82
132            <meta-data
132-->[com.google.firebase:firebase-installations:17.1.3] AndroidManifest.xml:17:13-19:85
133                android:name="com.google.firebase.components:com.google.firebase.installations.FirebaseInstallationsRegistrar"
133-->[com.google.firebase:firebase-installations:17.1.3] AndroidManifest.xml:18:17-127
134                android:value="com.google.firebase.components.ComponentRegistrar" />
134-->[com.google.firebase:firebase-installations:17.1.3] AndroidManifest.xml:19:17-82
135        </service>
136
137        <activity
137-->[com.google.firebase:firebase-auth:22.0.0] AndroidManifest.xml:29:9-46:20
138            android:name="com.google.firebase.auth.internal.GenericIdpActivity"
138-->[com.google.firebase:firebase-auth:22.0.0] AndroidManifest.xml:30:13-80
139            android:excludeFromRecents="true"
139-->[com.google.firebase:firebase-auth:22.0.0] AndroidManifest.xml:31:13-46
140            android:exported="true"
140-->[com.google.firebase:firebase-auth:22.0.0] AndroidManifest.xml:32:13-36
141            android:launchMode="singleTask"
141-->[com.google.firebase:firebase-auth:22.0.0] AndroidManifest.xml:33:13-44
142            android:theme="@android:style/Theme.Translucent.NoTitleBar" >
142-->[com.google.firebase:firebase-auth:22.0.0] AndroidManifest.xml:34:13-72
143            <intent-filter>
143-->[com.google.firebase:firebase-auth:22.0.0] AndroidManifest.xml:35:13-45:29
144                <action android:name="android.intent.action.VIEW" />
144-->[com.google.firebase:firebase-auth:22.0.0] AndroidManifest.xml:36:17-69
144-->[com.google.firebase:firebase-auth:22.0.0] AndroidManifest.xml:36:25-66
145
146                <category android:name="android.intent.category.DEFAULT" />
146-->[com.google.firebase:firebase-auth:22.0.0] AndroidManifest.xml:38:17-76
146-->[com.google.firebase:firebase-auth:22.0.0] AndroidManifest.xml:38:27-73
147                <category android:name="android.intent.category.BROWSABLE" />
147-->[com.google.firebase:firebase-auth:22.0.0] AndroidManifest.xml:39:17-78
147-->[com.google.firebase:firebase-auth:22.0.0] AndroidManifest.xml:39:27-75
148
149                <data
149-->[com.google.firebase:firebase-auth:22.0.0] AndroidManifest.xml:41:17-44:51
150                    android:host="firebase.auth"
150-->[com.google.firebase:firebase-auth:22.0.0] AndroidManifest.xml:42:21-49
151                    android:path="/"
151-->[com.google.firebase:firebase-auth:22.0.0] AndroidManifest.xml:43:21-37
152                    android:scheme="genericidp" />
152-->[com.google.firebase:firebase-auth:22.0.0] AndroidManifest.xml:44:21-48
153            </intent-filter>
154        </activity>
155        <activity
155-->[com.google.firebase:firebase-auth:22.0.0] AndroidManifest.xml:47:9-64:20
156            android:name="com.google.firebase.auth.internal.RecaptchaActivity"
156-->[com.google.firebase:firebase-auth:22.0.0] AndroidManifest.xml:48:13-79
157            android:excludeFromRecents="true"
157-->[com.google.firebase:firebase-auth:22.0.0] AndroidManifest.xml:49:13-46
158            android:exported="true"
158-->[com.google.firebase:firebase-auth:22.0.0] AndroidManifest.xml:50:13-36
159            android:launchMode="singleTask"
159-->[com.google.firebase:firebase-auth:22.0.0] AndroidManifest.xml:51:13-44
160            android:theme="@android:style/Theme.Translucent.NoTitleBar" >
160-->[com.google.firebase:firebase-auth:22.0.0] AndroidManifest.xml:52:13-72
161            <intent-filter>
161-->[com.google.firebase:firebase-auth:22.0.0] AndroidManifest.xml:53:13-63:29
162                <action android:name="android.intent.action.VIEW" />
162-->[com.google.firebase:firebase-auth:22.0.0] AndroidManifest.xml:36:17-69
162-->[com.google.firebase:firebase-auth:22.0.0] AndroidManifest.xml:36:25-66
163
164                <category android:name="android.intent.category.DEFAULT" />
164-->[com.google.firebase:firebase-auth:22.0.0] AndroidManifest.xml:38:17-76
164-->[com.google.firebase:firebase-auth:22.0.0] AndroidManifest.xml:38:27-73
165                <category android:name="android.intent.category.BROWSABLE" />
165-->[com.google.firebase:firebase-auth:22.0.0] AndroidManifest.xml:39:17-78
165-->[com.google.firebase:firebase-auth:22.0.0] AndroidManifest.xml:39:27-75
166
167                <data
167-->[com.google.firebase:firebase-auth:22.0.0] AndroidManifest.xml:41:17-44:51
168                    android:host="firebase.auth"
168-->[com.google.firebase:firebase-auth:22.0.0] AndroidManifest.xml:42:21-49
169                    android:path="/"
169-->[com.google.firebase:firebase-auth:22.0.0] AndroidManifest.xml:43:21-37
170                    android:scheme="recaptcha" />
170-->[com.google.firebase:firebase-auth:22.0.0] AndroidManifest.xml:44:21-48
171            </intent-filter>
172        </activity> <!-- Needs to be explicitly declared on P+ -->
173        <uses-library
173-->[com.google.android.gms:play-services-maps:17.0.1] AndroidManifest.xml:39:9-41:40
174            android:name="org.apache.http.legacy"
174-->[com.google.android.gms:play-services-maps:17.0.1] AndroidManifest.xml:40:13-50
175            android:required="false" />
175-->[com.google.android.gms:play-services-maps:17.0.1] AndroidManifest.xml:41:13-37
176
177        <provider
177-->[com.google.firebase:firebase-common:20.3.2] AndroidManifest.xml:25:9-30:39
178            android:name="com.google.firebase.provider.FirebaseInitProvider"
178-->[com.google.firebase:firebase-common:20.3.2] AndroidManifest.xml:26:13-77
179            android:authorities="com.example.residenthomes.firebaseinitprovider"
179-->[com.google.firebase:firebase-common:20.3.2] AndroidManifest.xml:27:13-72
180            android:directBootAware="true"
180-->[com.google.firebase:firebase-common:20.3.2] AndroidManifest.xml:28:13-43
181            android:exported="false"
181-->[com.google.firebase:firebase-common:20.3.2] AndroidManifest.xml:29:13-37
182            android:initOrder="100" />
182-->[com.google.firebase:firebase-common:20.3.2] AndroidManifest.xml:30:13-36
183
184        <activity
184-->[com.google.android.gms:play-services-base:18.1.0] AndroidManifest.xml:20:9-22:45
185            android:name="com.google.android.gms.common.api.GoogleApiActivity"
185-->[com.google.android.gms:play-services-base:18.1.0] AndroidManifest.xml:20:19-85
186            android:exported="false"
186-->[com.google.android.gms:play-services-base:18.1.0] AndroidManifest.xml:22:19-43
187            android:theme="@android:style/Theme.Translucent.NoTitleBar" />
187-->[com.google.android.gms:play-services-base:18.1.0] AndroidManifest.xml:21:19-78
188
189        <receiver
189-->[com.google.android.gms:play-services-measurement:21.2.2] AndroidManifest.xml:29:9-33:20
190            android:name="com.google.android.gms.measurement.AppMeasurementReceiver"
190-->[com.google.android.gms:play-services-measurement:21.2.2] AndroidManifest.xml:30:13-85
191            android:enabled="true"
191-->[com.google.android.gms:play-services-measurement:21.2.2] AndroidManifest.xml:31:13-35
192            android:exported="false" >
192-->[com.google.android.gms:play-services-measurement:21.2.2] AndroidManifest.xml:32:13-37
193        </receiver>
194
195        <service
195-->[com.google.android.gms:play-services-measurement:21.2.2] AndroidManifest.xml:35:9-38:40
196            android:name="com.google.android.gms.measurement.AppMeasurementService"
196-->[com.google.android.gms:play-services-measurement:21.2.2] AndroidManifest.xml:36:13-84
197            android:enabled="true"
197-->[com.google.android.gms:play-services-measurement:21.2.2] AndroidManifest.xml:37:13-35
198            android:exported="false" />
198-->[com.google.android.gms:play-services-measurement:21.2.2] AndroidManifest.xml:38:13-37
199        <service
199-->[com.google.android.gms:play-services-measurement:21.2.2] AndroidManifest.xml:39:9-43:72
200            android:name="com.google.android.gms.measurement.AppMeasurementJobService"
200-->[com.google.android.gms:play-services-measurement:21.2.2] AndroidManifest.xml:40:13-87
201            android:enabled="true"
201-->[com.google.android.gms:play-services-measurement:21.2.2] AndroidManifest.xml:41:13-35
202            android:exported="false"
202-->[com.google.android.gms:play-services-measurement:21.2.2] AndroidManifest.xml:42:13-37
203            android:permission="android.permission.BIND_JOB_SERVICE" />
203-->[com.google.android.gms:play-services-measurement:21.2.2] AndroidManifest.xml:43:13-69
204
205        <meta-data
205-->[com.google.android.gms:play-services-basement:18.1.0] AndroidManifest.xml:21:9-23:69
206            android:name="com.google.android.gms.version"
206-->[com.google.android.gms:play-services-basement:18.1.0] AndroidManifest.xml:22:13-58
207            android:value="@integer/google_play_services_version" />
207-->[com.google.android.gms:play-services-basement:18.1.0] AndroidManifest.xml:23:13-66
208
209        <provider
209-->[androidx.emoji2:emoji2:1.2.0] AndroidManifest.xml:24:9-32:20
210            android:name="androidx.startup.InitializationProvider"
210-->[androidx.emoji2:emoji2:1.2.0] AndroidManifest.xml:25:13-67
211            android:authorities="com.example.residenthomes.androidx-startup"
211-->[androidx.emoji2:emoji2:1.2.0] AndroidManifest.xml:26:13-68
212            android:exported="false" >
212-->[androidx.emoji2:emoji2:1.2.0] AndroidManifest.xml:27:13-37
213            <meta-data
213-->[androidx.emoji2:emoji2:1.2.0] AndroidManifest.xml:29:13-31:52
214                android:name="androidx.emoji2.text.EmojiCompatInitializer"
214-->[androidx.emoji2:emoji2:1.2.0] AndroidManifest.xml:30:17-75
215                android:value="androidx.startup" />
215-->[androidx.emoji2:emoji2:1.2.0] AndroidManifest.xml:31:17-49
216            <meta-data
216-->[androidx.lifecycle:lifecycle-process:2.4.1] AndroidManifest.xml:31:13-33:52
217                android:name="androidx.lifecycle.ProcessLifecycleInitializer"
217-->[androidx.lifecycle:lifecycle-process:2.4.1] AndroidManifest.xml:32:17-78
218                android:value="androidx.startup" />
218-->[androidx.lifecycle:lifecycle-process:2.4.1] AndroidManifest.xml:33:17-49
219        </provider>
220    </application>
221
222</manifest>